<?xml version="1.0" encoding="UTF-8"?>
<!-- Generated by org.testng.reporters.JUnitReportReporter -->
<testsuite hostname="DESKTOP-L0JSAUT" name="Demo.BeforeAfterClass" tests="3" failures="0" timestamp="7 Sep 2018 05:29:29 GMT" time="12.936" errors="0">
  <testcase name="NavigationURL" time="11.815" classname="Demo.BeforeAfterClass"/>
  <testcase name="VerifyPageTitle" time="0.995" classname="Demo.BeforeAfterClass"/>
  <testcase name="VerifyPageElements" time="0.126" classname="Demo.BeforeAfterClass"/>
</testsuite> <!-- Demo.BeforeAfterClass -->
